2021-11-29 09:41:12[main:0]-[INFO] org.tinygame.herostory.msg.GameMsgProtocol$UserMoveToCmd====org.tinygame.herostory.cmdHandler.UserMoveToCmdHandler
2021-11-29 09:41:12[main:6]-[INFO] org.tinygame.herostory.msg.GameMsgProtocol$UserEntryCmd====org.tinygame.herostory.cmdHandler.UserEntryCmdHandler
2021-11-29 09:41:12[main:10]-[INFO] org.tinygame.herostory.msg.GameMsgProtocol$GetRankCmd====org.tinygame.herostory.cmdHandler.GetRankCmdHandler
2021-11-29 09:41:12[main:12]-[INFO] org.tinygame.herostory.msg.GameMsgProtocol$WhoElseIsHereCmd====org.tinygame.herostory.cmdHandler.WhoElseIsHereCmdHandler
2021-11-29 09:41:12[main:13]-[INFO] org.tinygame.herostory.msg.GameMsgProtocol$UserAttkCmd====org.tinygame.herostory.cmdHandler.UserAttkCmdHandler
2021-11-29 09:41:12[main:16]-[INFO] org.tinygame.herostory.msg.GameMsgProtocol$UserLoginCmd====org.tinygame.herostory.cmdHandler.UserLoginCmdHandler
2021-11-29 09:41:12[main:74]-[INFO] org.tinygame.herostory.msg.GameMsgProtocol$GetRankResult <===> 18
2021-11-29 09:41:12[main:76]-[INFO] org.tinygame.herostory.msg.GameMsgProtocol$GetRankCmd <===> 17
2021-11-29 09:41:12[main:78]-[INFO] org.tinygame.herostory.msg.GameMsgProtocol$SelectHeroResult <===> 16
2021-11-29 09:41:12[main:80]-[INFO] org.tinygame.herostory.msg.GameMsgProtocol$SelectHeroCmd <===> 15
2021-11-29 09:41:12[main:82]-[INFO] org.tinygame.herostory.msg.GameMsgProtocol$UserLoginResult <===> 14
2021-11-29 09:41:12[main:84]-[INFO] org.tinygame.herostory.msg.GameMsgProtocol$UserLoginCmd <===> 13
2021-11-29 09:41:12[main:85]-[INFO] org.tinygame.herostory.msg.GameMsgProtocol$UserDieResult <===> 12
2021-11-29 09:41:12[main:87]-[INFO] org.tinygame.herostory.msg.GameMsgProtocol$UserSubtractHpResult <===> 11
2021-11-29 09:41:12[main:89]-[INFO] org.tinygame.herostory.msg.GameMsgProtocol$UserAttkResult <===> 10
2021-11-29 09:41:12[main:90]-[INFO] org.tinygame.herostory.msg.GameMsgProtocol$UserAttkCmd <===> 9
2021-11-29 09:41:12[main:93]-[INFO] org.tinygame.herostory.msg.GameMsgProtocol$UserStopResult <===> 8
2021-11-29 09:41:12[main:94]-[INFO] org.tinygame.herostory.msg.GameMsgProtocol$UserStopCmd <===> 7
2021-11-29 09:41:12[main:96]-[INFO] org.tinygame.herostory.msg.GameMsgProtocol$UserQuitResult <===> 6
2021-11-29 09:41:12[main:98]-[INFO] org.tinygame.herostory.msg.GameMsgProtocol$UserMoveToResult <===> 5
2021-11-29 09:41:12[main:100]-[INFO] org.tinygame.herostory.msg.GameMsgProtocol$UserMoveToCmd <===> 4
2021-11-29 09:41:12[main:102]-[INFO] org.tinygame.herostory.msg.GameMsgProtocol$WhoElseIsHereResult <===> 3
2021-11-29 09:41:12[main:104]-[INFO] org.tinygame.herostory.msg.GameMsgProtocol$WhoElseIsHereCmd <===> 2
2021-11-29 09:41:12[main:106]-[INFO] org.tinygame.herostory.msg.GameMsgProtocol$UserEntryResult <===> 1
2021-11-29 09:41:12[main:108]-[INFO] org.tinygame.herostory.msg.GameMsgProtocol$UserEntryCmd <===> 0
2021-11-29 09:41:13[main:1521]-[INFO] 服务器启动成功
2021-11-29 09:43:04[MainThreadProcessor:112422]-[INFO] userName = leon1, password = 234324234
2021-11-29 09:43:04[AsyncOperationProcessor1:112440]-[INFO] 当前线程 = AsyncOperationProcessor1
2021-11-29 09:43:05[MainThreadProcessor:112919]-[INFO] 当前线程 = MainThreadProcessor
2021-11-29 09:43:05[MainThreadProcessor:112920]-[INFO] 用户登陆成功; userId = 6, userName = leon1
